<?xml version="1.0" encoding="UTF-8"?>
<testng-results skipped="0" failed="1" ignored="0" total="1" passed="0">
  <reporter-output>
  </reporter-output>
  <suite name="Suite" duration-ms="70883" started-at="2018-06-01T17:14:41Z" finished-at="2018-06-01T17:15:52Z">
    <groups>
    </groups>
    <test name="Test" duration-ms="70883" started-at="2018-06-01T17:14:41Z" finished-at="2018-06-01T17:15:52Z">
      <class name="com.techmahindra.automation.IMBS.Test_Msg">
        <test-method status="PASS" signature="beforeClass(java.lang.String, java.lang.String)[pri:0, instance:com.techmahindra.automation.IMBS.Test_Msg@56235b8e]" name="beforeClass" is-config="true" duration-ms="56326" started-at="2018-06-01T17:14:41Z" finished-at="2018-06-01T17:15:37Z">
          <params>
            <param index="0">
              <value>
                <![CDATA[98895a43474d414537]]>
              </value>
            </param>
            <param index="1">
              <value>
                <![CDATA[myDroid]]>
              </value>
            </param>
          </params>
          <reporter-output>
          </reporter-output>
        </test-method> <!-- beforeClass -->
        <test-method status="FAIL" signature="test_Open_Messages()[pri:0, instance:com.techmahindra.automation.IMBS.Test_Msg@56235b8e]" name="test_Open_Messages" duration-ms="10754" started-at="2018-06-01T17:15:37Z" finished-at="2018-06-01T17:15:48Z">
          <exception class="org.openqa.selenium.WebDriverException">
            <message>
              <![CDATA[Method has not yet been implemented (WARNING: The server did not provide any stacktrace information)
Command duration or timeout: 0 milliseconds
Build info: version: '3.9.0', revision: '698b3178f0', time: '2018-02-05T14:26:55.441Z'
System info: host: 'DESKTOP-CI229TO', ip: '192.168.2.112', os.name: 'Windows 10', os.arch: 'amd64', os.version: '10.0', java.version: '1.8.0_171'
Driver info: io.appium.java_client.android.AndroidDriver
Capabilities {appActivity: com.android.mms.ui.Conversa..., appPackage: com.samsung.android.messaging, autoGrantPermissions: true, databaseEnabled: false, desired: {appActivity: com.android.mms.ui.Conversa..., appPackage: com.samsung.android.messaging, autoGrantPermissions: true, deviceName: myDroid, newCommandTimeout: 10, noReset: false, platformName: android, platformVersion: android, udid: 98895a43474d414537}, deviceManufacturer: samsung, deviceModel: SM-G892A, deviceName: 98895a43474d414537, deviceScreenSize: 1440x2960, deviceUDID: 98895a43474d414537, javascriptEnabled: true, locationContextEnabled: false, networkConnectionEnabled: true, newCommandTimeout: 10, noReset: false, platform: LINUX, platformName: LINUX, platformVersion: 8.0.0, takesScreenshot: true, udid: 98895a43474d414537, warnings: {}, webStorageEnabled: false}
Session ID: 9c31c130-d418-4487-8193-3a808f5e70d5]]>
            </message>
            <full-stacktrace>
              <![CDATA[org.openqa.selenium.WebDriverException: Method has not yet been implemented (WARNING: The server did not provide any stacktrace information)
Command duration or timeout: 0 milliseconds
Build info: version: '3.9.0', revision: '698b3178f0', time: '2018-02-05T14:26:55.441Z'
System info: host: 'DESKTOP-CI229TO', ip: '192.168.2.112', os.name: 'Windows 10', os.arch: 'amd64', os.version: '10.0', java.version: '1.8.0_171'
Driver info: io.appium.java_client.android.AndroidDriver
Capabilities {appActivity: com.android.mms.ui.Conversa..., appPackage: com.samsung.android.messaging, autoGrantPermissions: true, databaseEnabled: false, desired: {appActivity: com.android.mms.ui.Conversa..., appPackage: com.samsung.android.messaging, autoGrantPermissions: true, deviceName: myDroid, newCommandTimeout: 10, noReset: false, platformName: android, platformVersion: android, udid: 98895a43474d414537}, deviceManufacturer: samsung, deviceModel: SM-G892A, deviceName: 98895a43474d414537, deviceScreenSize: 1440x2960, deviceUDID: 98895a43474d414537, javascriptEnabled: true, locationContextEnabled: false, networkConnectionEnabled: true, newCommandTimeout: 10, noReset: false, platform: LINUX, platformName: LINUX, platformVersion: 8.0.0, takesScreenshot: true, udid: 98895a43474d414537, warnings: {}, webStorageEnabled: false}
Session ID: 9c31c130-d418-4487-8193-3a808f5e70d5
at sun.reflect.NativeConstructorAccessorImpl.newInstance0(Native Method)
at sun.reflect.NativeConstructorAccessorImpl.newInstance(Unknown Source)
at sun.reflect.DelegatingConstructorAccessorImpl.newInstance(Unknown Source)
at java.lang.reflect.Constructor.newInstance(Unknown Source)
at org.openqa.selenium.remote.ErrorHandler.createThrowable(ErrorHandler.java:214)
at org.openqa.selenium.remote.ErrorHandler.throwIfResponseFailed(ErrorHandler.java:166)
at org.openqa.selenium.remote.http.JsonHttpResponseCodec.reconstructValue(JsonHttpResponseCodec.java:40)
at org.openqa.selenium.remote.http.AbstractHttpResponseCodec.decode(AbstractHttpResponseCodec.java:80)
at org.openqa.selenium.remote.http.AbstractHttpResponseCodec.decode(AbstractHttpResponseCodec.java:44)
at org.openqa.selenium.remote.HttpCommandExecutor.execute(HttpCommandExecutor.java:160)
at io.appium.java_client.remote.AppiumCommandExecutor.execute(AppiumCommandExecutor.java:89)
at org.openqa.selenium.remote.RemoteWebDriver.execute(RemoteWebDriver.java:601)
at io.appium.java_client.DefaultGenericMobileDriver.execute(DefaultGenericMobileDriver.java:42)
at io.appium.java_client.AppiumDriver.execute(AppiumDriver.java:1)
at io.appium.java_client.android.AndroidDriver.execute(AndroidDriver.java:1)
at org.openqa.selenium.remote.RemoteWebElement.execute(RemoteWebElement.java:279)
at io.appium.java_client.DefaultGenericMobileElement.execute(DefaultGenericMobileElement.java:45)
at io.appium.java_client.MobileElement.execute(MobileElement.java:1)
at io.appium.java_client.android.AndroidElement.execute(AndroidElement.java:1)
at org.openqa.selenium.remote.RemoteWebElement.submit(RemoteWebElement.java:87)
at io.appium.java_client.DefaultGenericMobileElement.submit(DefaultGenericMobileElement.java:154)
at io.appium.java_client.MobileElement.submit(MobileElement.java:1)
at io.appium.java_client.android.AndroidElement.submit(AndroidElement.java:1)
at sun.reflect.NativeMethodAccessorImpl.invoke0(Native Method)
at sun.reflect.NativeMethodAccessorImpl.invoke(Unknown Source)
at sun.reflect.DelegatingMethodAccessorImpl.invoke(Unknown Source)
at java.lang.reflect.Method.invoke(Unknown Source)
at io.appium.java_client.pagefactory.ElementInterceptor.getObject(ElementInterceptor.java:40)
at io.appium.java_client.pagefactory.interceptors.InterceptorOfASingleElement.intercept(InterceptorOfASingleElement.java:62)
at io.appium.java_client.android.AndroidElement$$EnhancerByCGLIB$$b598166c.submit(<generated>)
at com.techmahindra.automation.IMBS.Test_Msg.test_Open_Messages(Test_Msg.java:45)
at sun.reflect.NativeMethodAccessorImpl.invoke0(Native Method)
at sun.reflect.NativeMethodAccessorImpl.invoke(Unknown Source)
at sun.reflect.DelegatingMethodAccessorImpl.invoke(Unknown Source)
at java.lang.reflect.Method.invoke(Unknown Source)
at org.testng.internal.MethodInvocationHelper.invokeMethod(MethodInvocationHelper.java:124)
at org.testng.internal.Invoker.invokeMethod(Invoker.java:580)
at org.testng.internal.Invoker.invokeTestMethod(Invoker.java:716)
at org.testng.internal.Invoker.invokeTestMethods(Invoker.java:988)
at org.testng.internal.TestMethodWorker.invokeTestMethods(TestMethodWorker.java:125)
at org.testng.internal.TestMethodWorker.run(TestMethodWorker.java:109)
at org.testng.TestRunner.privateRun(TestRunner.java:648)
at org.testng.TestRunner.run(TestRunner.java:505)
at org.testng.SuiteRunner.runTest(SuiteRunner.java:455)
at org.testng.SuiteRunner.runSequentially(SuiteRunner.java:450)
at org.testng.SuiteRunner.privateRun(SuiteRunner.java:415)
at org.testng.SuiteRunner.run(SuiteRunner.java:364)
at org.testng.SuiteRunnerWorker.runSuite(SuiteRunnerWorker.java:52)
at org.testng.SuiteRunnerWorker.run(SuiteRunnerWorker.java:84)
at org.testng.TestNG.runSuitesSequentially(TestNG.java:1208)
at org.testng.TestNG.runSuitesLocally(TestNG.java:1137)
at org.testng.TestNG.runSuites(TestNG.java:1049)
at org.testng.TestNG.run(TestNG.java:1017)
at org.testng.remote.AbstractRemoteTestNG.run(AbstractRemoteTestNG.java:114)
at org.testng.remote.RemoteTestNG.initAndRun(RemoteTestNG.java:251)
at org.testng.remote.RemoteTestNG.main(RemoteTestNG.java:77)
]]>
            </full-stacktrace>
          </exception> <!-- org.openqa.selenium.WebDriverException -->
          <reporter-output>
          </reporter-output>
        </test-method> <!-- test_Open_Messages -->
        <test-method status="PASS" signature="afterClass()[pri:0, instance:com.techmahindra.automation.IMBS.Test_Msg@56235b8e]" name="afterClass" is-config="true" duration-ms="3684" started-at="2018-06-01T17:15:48Z" finished-at="2018-06-01T17:15:52Z">
          <reporter-output>
          </reporter-output>
        </test-method> <!-- afterClass -->
      </class> <!-- com.techmahindra.automation.IMBS.Test_Msg -->
    </test> <!-- Test -->
  </suite> <!-- Suite -->
</testng-results>
