<?xml version="1.0" encoding="UTF-8"?>
<!-- Generated by org.testng.reporters.JUnitXMLReporter -->
<testsuite hostname="DESKTOP-CI229TO" ignored="0" name="Test" tests="1" failures="1" timestamp="01 Jun 2018 17:15:52 GMT" time="70.883" errors="0">
  <testcase name="test_Open_Messages" time="10.754" classname="com.techmahindra.automation.IMBS.Test_Msg">
    <failure type="org.openqa.selenium.WebDriverException" message="Method has not yet been implemented (WARNING: The server did not provide any stacktrace information)
Command duration or timeout: 0 milliseconds
Build info: version: &amp;apos;3.9.0&amp;apos;, revision: &amp;apos;698b3178f0&amp;apos;, time: &amp;apos;2018-02-05T14:26:55.441Z&amp;apos;
System info: host: &amp;apos;DESKTOP-CI229TO&amp;apos;, ip: &amp;apos;192.168.2.112&amp;apos;, os.name: &amp;apos;Windows 10&amp;apos;, os.arch: &amp;apos;amd64&amp;apos;, os.version: &amp;apos;10.0&amp;apos;, java.version: &amp;apos;1.8.0_171&amp;apos;
Driver info: io.appium.java_client.android.AndroidDriver
Capabilities {appActivity: com.android.mms.ui.Conversa..., appPackage: com.samsung.android.messaging, autoGrantPermissions: true, databaseEnabled: false, desired: {appActivity: com.android.mms.ui.Conversa..., appPackage: com.samsung.android.messaging, autoGrantPermissions: true, deviceName: myDroid, newCommandTimeout: 10, noReset: false, platformName: android, platformVersion: android, udid: 98895a43474d414537}, deviceManufacturer: samsung, deviceModel: SM-G892A, deviceName: 98895a43474d414537, deviceScreenSize: 1440x2960, deviceUDID: 98895a43474d414537, javascriptEnabled: true, locationContextEnabled: false, networkConnectionEnabled: true, newCommandTimeout: 10, noReset: false, platform: LINUX, platformName: LINUX, platformVersion: 8.0.0, takesScreenshot: true, udid: 98895a43474d414537, warnings: {}, webStorageEnabled: false}
Session ID: 9c31c130-d418-4487-8193-3a808f5e70d5">
      <![CDATA[org.openqa.selenium.WebDriverException: Method has not yet been implemented (WARNING: The server did not provide any stacktrace information)
Command duration or timeout: 0 milliseconds
Build info: version: '3.9.0', revision: '698b3178f0', time: '2018-02-05T14:26:55.441Z'
System info: host: 'DESKTOP-CI229TO', ip: '192.168.2.112', os.name: 'Windows 10', os.arch: 'amd64', os.version: '10.0', java.version: '1.8.0_171'
Driver info: io.appium.java_client.android.AndroidDriver
Capabilities {appActivity: com.android.mms.ui.Conversa..., appPackage: com.samsung.android.messaging, autoGrantPermissions: true, databaseEnabled: false, desired: {appActivity: com.android.mms.ui.Conversa..., appPackage: com.samsung.android.messaging, autoGrantPermissions: true, deviceName: myDroid, newCommandTimeout: 10, noReset: false, platformName: android, platformVersion: android, udid: 98895a43474d414537}, deviceManufacturer: samsung, deviceModel: SM-G892A, deviceName: 98895a43474d414537, deviceScreenSize: 1440x2960, deviceUDID: 98895a43474d414537, javascriptEnabled: true, locationContextEnabled: false, networkConnectionEnabled: true, newCommandTimeout: 10, noReset: false, platform: LINUX, platformName: LINUX, platformVersion: 8.0.0, takesScreenshot: true, udid: 98895a43474d414537, warnings: {}, webStorageEnabled: false}
Session ID: 9c31c130-d418-4487-8193-3a808f5e70d5
at org.openqa.selenium.remote.ErrorHandler.createThrowable(ErrorHandler.java:214)
at org.openqa.selenium.remote.ErrorHandler.throwIfResponseFailed(ErrorHandler.java:166)
at org.openqa.selenium.remote.http.JsonHttpResponseCodec.reconstructValue(JsonHttpResponseCodec.java:40)
at org.openqa.selenium.remote.http.AbstractHttpResponseCodec.decode(AbstractHttpResponseCodec.java:80)
at org.openqa.selenium.remote.http.AbstractHttpResponseCodec.decode(AbstractHttpResponseCodec.java:44)
at org.openqa.selenium.remote.HttpCommandExecutor.execute(HttpCommandExecutor.java:160)
at io.appium.java_client.remote.AppiumCommandExecutor.execute(AppiumCommandExecutor.java:89)
at org.openqa.selenium.remote.RemoteWebDriver.execute(RemoteWebDriver.java:601)
at io.appium.java_client.DefaultGenericMobileDriver.execute(DefaultGenericMobileDriver.java:42)
at io.appium.java_client.AppiumDriver.execute(AppiumDriver.java:1)
at io.appium.java_client.android.AndroidDriver.execute(AndroidDriver.java:1)
at org.openqa.selenium.remote.RemoteWebElement.execute(RemoteWebElement.java:279)
at io.appium.java_client.DefaultGenericMobileElement.execute(DefaultGenericMobileElement.java:45)
at io.appium.java_client.MobileElement.execute(MobileElement.java:1)
at io.appium.java_client.android.AndroidElement.execute(AndroidElement.java:1)
at org.openqa.selenium.remote.RemoteWebElement.submit(RemoteWebElement.java:87)
at io.appium.java_client.DefaultGenericMobileElement.submit(DefaultGenericMobileElement.java:154)
at io.appium.java_client.MobileElement.submit(MobileElement.java:1)
at io.appium.java_client.android.AndroidElement.submit(AndroidElement.java:1)
at io.appium.java_client.pagefactory.ElementInterceptor.getObject(ElementInterceptor.java:40)
at io.appium.java_client.pagefactory.interceptors.InterceptorOfASingleElement.intercept(InterceptorOfASingleElement.java:62)
at io.appium.java_client.android.AndroidElement$$EnhancerByCGLIB$$b598166c.submit(<generated>)
at com.techmahindra.automation.IMBS.Test_Msg.test_Open_Messages(Test_Msg.java:45)
... Removed 33 stack frames]]>
    </failure>
  </testcase> <!-- test_Open_Messages -->
</testsuite> <!-- Test -->
